<?xml version="1.0" encoding="UTF-8"?>
<!-- Generated by org.testng.reporters.JUnitReportReporter -->
<testsuite hostname="upendra" failures="0" tests="2" name="AnnotationsAssignment.phase_2.Testannotations" time="0.014" errors="0" timestamp="2023-12-19T07:33:21 IST" skipped="0">
  <testcase classname="AnnotationsAssignment.phase_2.Testannotations" name="Test2" time="0.004"/>
  <system-out/>
  <testcase classname="AnnotationsAssignment.phase_2.Testannotations" name="Test1" time="0.010"/>
  <system-out/>
</testsuite> <!-- AnnotationsAssignment.phase_2.Testannotations -->
